<?xml version="1.0" encoding="UTF-8"?>
<!-- Generated by org.testng.reporters.JUnitReportReporter -->
<testsuite name="TestCases.Test3" tests="2" time="0.000" ignored="0" failures="0" timestamp="27 Feb 2020 20:14:08 GMT" skipped="2" hostname="USMECYASMITTAL1" errors="0">
  <testcase name="TestReport" time="0.000" classname="TestCases.Test3">
    <skipped/>
  </testcase> <!-- TestReport -->
  <testcase name="TestLoginPass" time="0.000" classname="TestCases.Test3">
    <skipped/>
  </testcase> <!-- TestLoginPass -->
</testsuite> <!-- TestCases.Test3 -->
