<?xml version="1.0" encoding="UTF-8"?>
<!-- Generated by org.testng.reporters.JUnitReportReporter -->
<testsuite name="TestCases.Login" tests="1" time="70.402" ignored="0" failures="0" timestamp="07 Feb 2020 15:26:52 GMT" skipped="0" hostname="USMECYASMITTAL1" errors="0">
  <testcase name="TestLoginPass" time="70.402" classname="TestCases.Login"/>
</testsuite> <!-- TestCases.Login -->
