<?xml version="1.0" encoding="UTF-8"?>
<!-- Generated by org.testng.reporters.JUnitReportReporter -->
<testsuite skipped="1" hostname="USMECYASMITTAL1" name="TestCases.Test1" tests="1" failures="0" timestamp="05 May 2020 19:28:54 GMT" time="0.000" errors="0">
  <testcase name="TestLoginPass" time="0.000" classname="TestCases.Test1">
    <skipped/>
  </testcase> <!-- TestLoginPass -->
</testsuite> <!-- TestCases.Test1 -->
