<?xml version="1.0" encoding="UTF-8"?>
<!-- Generated by org.testng.reporters.JUnitReportReporter -->
<testsuite skipped="2" hostname="USMECYASMITTAL1" name="TestCases.Test3" tests="2" failures="0" timestamp="05 May 2020 19:27:22 GMT" time="0.000" errors="0">
  <testcase name="TestReport" time="0.000" classname="TestCases.Test3">
    <skipped/>
  </testcase> <!-- TestReport -->
  <testcase name="TestLoginPass" time="0.000" classname="TestCases.Test3">
    <skipped/>
  </testcase> <!-- TestLoginPass -->
</testsuite> <!-- TestCases.Test3 -->
